{"C:\\Users\\bruno\\OneDrive\\Área de Trabalho\\Desafios-Capacitacao\\Semana-8-TypeScript\\api\\src\\domains\\Artistas\\services\\ArtistaService.ts": {"path":"C:\\Users\\bruno\\OneDrive\\Área de Trabalho\\Desafios-Capacitacao\\Semana-8-TypeScript\\api\\src\\domains\\Artistas\\services\\ArtistaService.ts","statementMap":{"0":{"start":{"line":2,"column":0},"end":{"line":2,"column":59}},"1":{"start":{"line":3,"column":0},"end":{"line":3,"column":62}},"2":{"start":{"line":18,"column":25},"end":{"line":18,"column":48}},"3":{"start":{"line":19,"column":8},"end":{"line":21,"column":null}},"4":{"start":{"line":20,"column":12},"end":{"line":20,"column":69}},"5":{"start":{"line":22,"column":8},"end":{"line":22,"column":24}},"6":{"start":{"line":32,"column":24},"end":{"line":32,"column":79}},"7":{"start":{"line":33,"column":8},"end":{"line":35,"column":null}},"8":{"start":{"line":34,"column":12},"end":{"line":34,"column":83}},"9":{"start":{"line":36,"column":8},"end":{"line":36,"column":23}},"10":{"start":{"line":46,"column":24},"end":{"line":46,"column":52}},"11":{"start":{"line":47,"column":8},"end":{"line":49,"column":null}},"12":{"start":{"line":48,"column":12},"end":{"line":48,"column":81}},"13":{"start":{"line":50,"column":8},"end":{"line":50,"column":23}},"14":{"start":{"line":59,"column":8},"end":{"line":61,"column":null}},"15":{"start":{"line":60,"column":12},"end":{"line":60,"column":73}},"16":{"start":{"line":62,"column":8},"end":{"line":62,"column":37}},"17":{"start":{"line":73,"column":24},"end":{"line":73,"column":53}},"18":{"start":{"line":74,"column":8},"end":{"line":76,"column":null}},"19":{"start":{"line":75,"column":12},"end":{"line":75,"column":83}},"20":{"start":{"line":77,"column":8},"end":{"line":77,"column":44}},"21":{"start":{"line":87,"column":24},"end":{"line":87,"column":53}},"22":{"start":{"line":88,"column":8},"end":{"line":88,"column":32}},"23":{"start":{"line":10,"column":0},"end":{"line":10,"column":13}},"24":{"start":{"line":93,"column":13},"end":{"line":93,"column":56}}},"fnMap":{"0":{"name":"(anonymous_7)","decl":{"start":{"line":17,"column":10},"end":{"line":17,"column":21}},"loc":{"start":{"line":17,"column":21},"end":{"line":23,"column":null}}},"1":{"name":"(anonymous_9)","decl":{"start":{"line":31,"column":10},"end":{"line":31,"column":24}},"loc":{"start":{"line":31,"column":38},"end":{"line":37,"column":null}}},"2":{"name":"(anonymous_11)","decl":{"start":{"line":45,"column":10},"end":{"line":45,"column":22}},"loc":{"start":{"line":45,"column":34},"end":{"line":51,"column":null}}},"3":{"name":"(anonymous_13)","decl":{"start":{"line":58,"column":10},"end":{"line":58,"column":21}},"loc":{"start":{"line":58,"column":57},"end":{"line":63,"column":null}}},"4":{"name":"(anonymous_15)","decl":{"start":{"line":72,"column":10},"end":{"line":72,"column":20}},"loc":{"start":{"line":72,"column":75},"end":{"line":78,"column":null}}},"5":{"name":"(anonymous_17)","decl":{"start":{"line":86,"column":10},"end":{"line":86,"column":23}},"loc":{"start":{"line":86,"column":35},"end":{"line":89,"column":null}}}},"branchMap":{"0":{"loc":{"start":{"line":19,"column":8},"end":{"line":21,"column":null}},"type":"if","locations":[{"start":{"line":19,"column":8},"end":{"line":21,"column":null}}]},"1":{"loc":{"start":{"line":33,"column":8},"end":{"line":35,"column":null}},"type":"if","locations":[{"start":{"line":33,"column":8},"end":{"line":35,"column":null}}]},"2":{"loc":{"start":{"line":47,"column":8},"end":{"line":49,"column":null}},"type":"if","locations":[{"start":{"line":47,"column":8},"end":{"line":49,"column":null}}]},"3":{"loc":{"start":{"line":59,"column":8},"end":{"line":61,"column":null}},"type":"if","locations":[{"start":{"line":59,"column":8},"end":{"line":61,"column":null}}]},"4":{"loc":{"start":{"line":59,"column":13},"end":{"line":59,"column":78}},"type":"binary-expr","locations":[{"start":{"line":59,"column":13},"end":{"line":59,"column":29}},{"start":{"line":59,"column":33},"end":{"line":59,"column":58}},{"start":{"line":59,"column":62},"end":{"line":59,"column":78}}]},"5":{"loc":{"start":{"line":74,"column":8},"end":{"line":76,"column":null}},"type":"if","locations":[{"start":{"line":74,"column":8},"end":{"line":76,"column":null}}]},"6":{"loc":{"start":{"line":74,"column":13},"end":{"line":74,"column":99}},"type":"binary-expr","locations":[{"start":{"line":74,"column":13},"end":{"line":74,"column":36}},{"start":{"line":74,"column":40},"end":{"line":74,"column":72}},{"start":{"line":74,"column":76},"end":{"line":74,"column":99}}]}},"s":{"0":1,"1":1,"2":2,"3":2,"4":1,"5":1,"6":2,"7":2,"8":1,"9":1,"10":4,"11":4,"12":1,"13":3,"14":1,"15":0,"16":1,"17":1,"18":1,"19":0,"20":1,"21":1,"22":1,"23":1,"24":1},"f":{"0":2,"1":2,"2":4,"3":1,"4":1,"5":1},"b":{"0":[1],"1":[1],"2":[1],"3":[0],"4":[1,1,1],"5":[0],"6":[1,1,1]}}
,"C:\\Users\\bruno\\OneDrive\\Área de Trabalho\\Desafios-Capacitacao\\Semana-8-TypeScript\\api\\src\\domains\\Musicas\\services\\MusicaService.ts": {"path":"C:\\Users\\bruno\\OneDrive\\Área de Trabalho\\Desafios-Capacitacao\\Semana-8-TypeScript\\api\\src\\domains\\Musicas\\services\\MusicaService.ts","statementMap":{"0":{"start":{"line":2,"column":0},"end":{"line":2,"column":59}},"1":{"start":{"line":3,"column":0},"end":{"line":3,"column":59}},"2":{"start":{"line":18,"column":24},"end":{"line":18,"column":46}},"3":{"start":{"line":19,"column":8},"end":{"line":21,"column":null}},"4":{"start":{"line":20,"column":12},"end":{"line":20,"column":69}},"5":{"start":{"line":22,"column":8},"end":{"line":22,"column":23}},"6":{"start":{"line":32,"column":23},"end":{"line":32,"column":81}},"7":{"start":{"line":33,"column":8},"end":{"line":35,"column":null}},"8":{"start":{"line":34,"column":12},"end":{"line":34,"column":83}},"9":{"start":{"line":36,"column":8},"end":{"line":36,"column":22}},"10":{"start":{"line":46,"column":23},"end":{"line":46,"column":50}},"11":{"start":{"line":47,"column":8},"end":{"line":49,"column":null}},"12":{"start":{"line":48,"column":12},"end":{"line":48,"column":81}},"13":{"start":{"line":50,"column":8},"end":{"line":50,"column":22}},"14":{"start":{"line":59,"column":8},"end":{"line":61,"column":null}},"15":{"start":{"line":60,"column":12},"end":{"line":60,"column":72}},"16":{"start":{"line":62,"column":8},"end":{"line":62,"column":36}},"17":{"start":{"line":73,"column":23},"end":{"line":73,"column":51}},"18":{"start":{"line":74,"column":8},"end":{"line":77,"column":null}},"19":{"start":{"line":76,"column":12},"end":{"line":76,"column":82}},"20":{"start":{"line":78,"column":8},"end":{"line":78,"column":42}},"21":{"start":{"line":88,"column":23},"end":{"line":88,"column":51}},"22":{"start":{"line":89,"column":8},"end":{"line":89,"column":31}},"23":{"start":{"line":10,"column":0},"end":{"line":10,"column":13}},"24":{"start":{"line":94,"column":13},"end":{"line":94,"column":54}}},"fnMap":{"0":{"name":"(anonymous_7)","decl":{"start":{"line":17,"column":10},"end":{"line":17,"column":20}},"loc":{"start":{"line":17,"column":20},"end":{"line":23,"column":null}}},"1":{"name":"(anonymous_9)","decl":{"start":{"line":31,"column":10},"end":{"line":31,"column":25}},"loc":{"start":{"line":31,"column":41},"end":{"line":37,"column":null}}},"2":{"name":"(anonymous_11)","decl":{"start":{"line":45,"column":10},"end":{"line":45,"column":21}},"loc":{"start":{"line":45,"column":33},"end":{"line":51,"column":null}}},"3":{"name":"(anonymous_13)","decl":{"start":{"line":58,"column":10},"end":{"line":58,"column":20}},"loc":{"start":{"line":58,"column":55},"end":{"line":63,"column":null}}},"4":{"name":"(anonymous_15)","decl":{"start":{"line":72,"column":10},"end":{"line":72,"column":19}},"loc":{"start":{"line":72,"column":72},"end":{"line":79,"column":null}}},"5":{"name":"(anonymous_17)","decl":{"start":{"line":87,"column":10},"end":{"line":87,"column":22}},"loc":{"start":{"line":87,"column":34},"end":{"line":90,"column":null}}}},"branchMap":{"0":{"loc":{"start":{"line":19,"column":8},"end":{"line":21,"column":null}},"type":"if","locations":[{"start":{"line":19,"column":8},"end":{"line":21,"column":null}}]},"1":{"loc":{"start":{"line":33,"column":8},"end":{"line":35,"column":null}},"type":"if","locations":[{"start":{"line":33,"column":8},"end":{"line":35,"column":null}}]},"2":{"loc":{"start":{"line":47,"column":8},"end":{"line":49,"column":null}},"type":"if","locations":[{"start":{"line":47,"column":8},"end":{"line":49,"column":null}}]},"3":{"loc":{"start":{"line":59,"column":8},"end":{"line":61,"column":null}},"type":"if","locations":[{"start":{"line":59,"column":8},"end":{"line":61,"column":null}}]},"4":{"loc":{"start":{"line":59,"column":13},"end":{"line":59,"column":101}},"type":"binary-expr","locations":[{"start":{"line":59,"column":13},"end":{"line":59,"column":34}},{"start":{"line":59,"column":38},"end":{"line":59,"column":59}},{"start":{"line":59,"column":63},"end":{"line":59,"column":79}},{"start":{"line":59,"column":83},"end":{"line":59,"column":101}}]},"5":{"loc":{"start":{"line":74,"column":8},"end":{"line":77,"column":null}},"type":"if","locations":[{"start":{"line":74,"column":8},"end":{"line":77,"column":null}}]},"6":{"loc":{"start":{"line":74,"column":13},"end":{"line":75,"column":62}},"type":"binary-expr","locations":[{"start":{"line":74,"column":13},"end":{"line":74,"column":40}},{"start":{"line":74,"column":44},"end":{"line":74,"column":71}},{"start":{"line":75,"column":12},"end":{"line":75,"column":34}},{"start":{"line":75,"column":38},"end":{"line":75,"column":62}}]}},"s":{"0":0,"1":0,"2":0,"3":0,"4":0,"5":0,"6":0,"7":0,"8":0,"9":0,"10":0,"11":0,"12":0,"13":0,"14":0,"15":0,"16":0,"17":0,"18":0,"19":0,"20":0,"21":0,"22":0,"23":0,"24":0},"f":{"0":0,"1":0,"2":0,"3":0,"4":0,"5":0},"b":{"0":[0],"1":[0],"2":[0],"3":[0],"4":[0,0,0,0],"5":[0],"6":[0,0,0,0]}}
,"C:\\Users\\bruno\\OneDrive\\Área de Trabalho\\Desafios-Capacitacao\\Semana-8-TypeScript\\api\\src\\domains\\UsuarioMusica\\services\\UsuarioMusicaService.ts": {"path":"C:\\Users\\bruno\\OneDrive\\Área de Trabalho\\Desafios-Capacitacao\\Semana-8-TypeScript\\api\\src\\domains\\UsuarioMusica\\services\\UsuarioMusicaService.ts","statementMap":{"0":{"start":{"line":1,"column":0},"end":{"line":1,"column":59}},"1":{"start":{"line":2,"column":0},"end":{"line":2,"column":53}},"2":{"start":{"line":3,"column":0},"end":{"line":3,"column":69}},"3":{"start":{"line":4,"column":0},"end":{"line":4,"column":56}},"4":{"start":{"line":5,"column":0},"end":{"line":5,"column":72}},"5":{"start":{"line":6,"column":0},"end":{"line":6,"column":56}},"6":{"start":{"line":22,"column":30},"end":{"line":22,"column":59}},"7":{"start":{"line":23,"column":8},"end":{"line":25,"column":null}},"8":{"start":{"line":24,"column":12},"end":{"line":24,"column":73}},"9":{"start":{"line":26,"column":8},"end":{"line":26,"column":29}},"10":{"start":{"line":37,"column":24},"end":{"line":51,"column":11}},"11":{"start":{"line":52,"column":8},"end":{"line":52,"column":23}},"12":{"start":{"line":63,"column":25},"end":{"line":77,"column":11}},"13":{"start":{"line":78,"column":8},"end":{"line":78,"column":24}},"14":{"start":{"line":88,"column":23},"end":{"line":88,"column":66}},"15":{"start":{"line":89,"column":24},"end":{"line":89,"column":70}},"16":{"start":{"line":90,"column":8},"end":{"line":90,"column":86}},"17":{"start":{"line":100,"column":23},"end":{"line":100,"column":66}},"18":{"start":{"line":101,"column":24},"end":{"line":101,"column":70}},"19":{"start":{"line":102,"column":8},"end":{"line":107,"column":12}},"20":{"start":{"line":13,"column":0},"end":{"line":13,"column":13}},"21":{"start":{"line":112,"column":13},"end":{"line":112,"column":68}}},"fnMap":{"0":{"name":"(anonymous_7)","decl":{"start":{"line":21,"column":10},"end":{"line":21,"column":28}},"loc":{"start":{"line":21,"column":28},"end":{"line":27,"column":null}}},"1":{"name":"(anonymous_9)","decl":{"start":{"line":36,"column":10},"end":{"line":36,"column":29}},"loc":{"start":{"line":36,"column":48},"end":{"line":53,"column":null}}},"2":{"name":"(anonymous_11)","decl":{"start":{"line":62,"column":10},"end":{"line":62,"column":29}},"loc":{"start":{"line":62,"column":47},"end":{"line":79,"column":null}}},"3":{"name":"(anonymous_13)","decl":{"start":{"line":87,"column":10},"end":{"line":87,"column":27}},"loc":{"start":{"line":87,"column":64},"end":{"line":91,"column":null}}},"4":{"name":"(anonymous_15)","decl":{"start":{"line":99,"column":10},"end":{"line":99,"column":29}},"loc":{"start":{"line":99,"column":66},"end":{"line":108,"column":null}}}},"branchMap":{"0":{"loc":{"start":{"line":23,"column":8},"end":{"line":25,"column":null}},"type":"if","locations":[{"start":{"line":23,"column":8},"end":{"line":25,"column":null}}]}},"s":{"0":0,"1":0,"2":0,"3":0,"4":0,"5":0,"6":0,"7":0,"8":0,"9":0,"10":0,"11":0,"12":0,"13":0,"14":0,"15":0,"16":0,"17":0,"18":0,"19":0,"20":0,"21":0},"f":{"0":0,"1":0,"2":0,"3":0,"4":0},"b":{"0":[0]}}
,"C:\\Users\\bruno\\OneDrive\\Área de Trabalho\\Desafios-Capacitacao\\Semana-8-TypeScript\\api\\src\\domains\\Usuarios\\services\\UsuarioService.ts": {"path":"C:\\Users\\bruno\\OneDrive\\Área de Trabalho\\Desafios-Capacitacao\\Semana-8-TypeScript\\api\\src\\domains\\Usuarios\\services\\UsuarioService.ts","statementMap":{"0":{"start":{"line":1,"column":0},"end":{"line":1,"column":30}},"1":{"start":{"line":3,"column":0},"end":{"line":3,"column":75}},"2":{"start":{"line":4,"column":0},"end":{"line":4,"column":69}},"3":{"start":{"line":5,"column":0},"end":{"line":5,"column":59}},"4":{"start":{"line":6,"column":0},"end":{"line":6,"column":60}},"5":{"start":{"line":7,"column":0},"end":{"line":7,"column":62}},"6":{"start":{"line":25,"column":27},"end":{"line":25,"column":29}},"7":{"start":{"line":26,"column":32},"end":{"line":26,"column":66}},"8":{"start":{"line":27,"column":8},"end":{"line":27,"column":31}},"9":{"start":{"line":36,"column":25},"end":{"line":36,"column":48}},"10":{"start":{"line":37,"column":8},"end":{"line":39,"column":null}},"11":{"start":{"line":38,"column":12},"end":{"line":38,"column":69}},"12":{"start":{"line":40,"column":8},"end":{"line":40,"column":24}},"13":{"start":{"line":50,"column":24},"end":{"line":50,"column":52}},"14":{"start":{"line":51,"column":8},"end":{"line":53,"column":null}},"15":{"start":{"line":52,"column":12},"end":{"line":52,"column":81}},"16":{"start":{"line":54,"column":8},"end":{"line":54,"column":23}},"17":{"start":{"line":63,"column":8},"end":{"line":65,"column":null}},"18":{"start":{"line":64,"column":12},"end":{"line":64,"column":97}},"19":{"start":{"line":66,"column":24},"end":{"line":66,"column":81}},"20":{"start":{"line":67,"column":8},"end":{"line":78,"column":null}},"21":{"start":{"line":68,"column":12},"end":{"line":68,"column":82}},"22":{"start":{"line":70,"column":28},"end":{"line":75,"column":14}},"23":{"start":{"line":76,"column":12},"end":{"line":76,"column":69}},"24":{"start":{"line":77,"column":12},"end":{"line":77,"column":44}},"25":{"start":{"line":88,"column":8},"end":{"line":90,"column":null}},"26":{"start":{"line":89,"column":12},"end":{"line":89,"column":110}},"27":{"start":{"line":91,"column":8},"end":{"line":93,"column":null}},"28":{"start":{"line":92,"column":12},"end":{"line":92,"column":88}},"29":{"start":{"line":94,"column":8},"end":{"line":96,"column":null}},"30":{"start":{"line":95,"column":12},"end":{"line":95,"column":83}},"31":{"start":{"line":97,"column":24},"end":{"line":97,"column":53}},"32":{"start":{"line":98,"column":8},"end":{"line":100,"column":null}},"33":{"start":{"line":99,"column":12},"end":{"line":99,"column":80}},"34":{"start":{"line":101,"column":8},"end":{"line":101,"column":67}},"35":{"start":{"line":111,"column":8},"end":{"line":113,"column":null}},"36":{"start":{"line":112,"column":12},"end":{"line":112,"column":86}},"37":{"start":{"line":114,"column":24},"end":{"line":114,"column":53}},"38":{"start":{"line":115,"column":8},"end":{"line":115,"column":32}},"39":{"start":{"line":15,"column":0},"end":{"line":15,"column":13}},"40":{"start":{"line":120,"column":13},"end":{"line":120,"column":56}}},"fnMap":{"0":{"name":"(anonymous_7)","decl":{"start":{"line":24,"column":10},"end":{"line":24,"column":25}},"loc":{"start":{"line":24,"column":43},"end":{"line":28,"column":null}}},"1":{"name":"(anonymous_9)","decl":{"start":{"line":35,"column":10},"end":{"line":35,"column":21}},"loc":{"start":{"line":35,"column":21},"end":{"line":41,"column":null}}},"2":{"name":"(anonymous_11)","decl":{"start":{"line":49,"column":10},"end":{"line":49,"column":22}},"loc":{"start":{"line":49,"column":34},"end":{"line":55,"column":null}}},"3":{"name":"(anonymous_13)","decl":{"start":{"line":62,"column":10},"end":{"line":62,"column":21}},"loc":{"start":{"line":62,"column":57},"end":{"line":79,"column":null}}},"4":{"name":"(anonymous_15)","decl":{"start":{"line":87,"column":10},"end":{"line":87,"column":20}},"loc":{"start":{"line":87,"column":105},"end":{"line":102,"column":null}}},"5":{"name":"(anonymous_17)","decl":{"start":{"line":110,"column":10},"end":{"line":110,"column":23}},"loc":{"start":{"line":110,"column":54},"end":{"line":116,"column":null}}}},"branchMap":{"0":{"loc":{"start":{"line":37,"column":8},"end":{"line":39,"column":null}},"type":"if","locations":[{"start":{"line":37,"column":8},"end":{"line":39,"column":null}}]},"1":{"loc":{"start":{"line":51,"column":8},"end":{"line":53,"column":null}},"type":"if","locations":[{"start":{"line":51,"column":8},"end":{"line":53,"column":null}}]},"2":{"loc":{"start":{"line":63,"column":8},"end":{"line":65,"column":null}},"type":"if","locations":[{"start":{"line":63,"column":8},"end":{"line":65,"column":null}}]},"3":{"loc":{"start":{"line":67,"column":8},"end":{"line":78,"column":null}},"type":"if","locations":[{"start":{"line":67,"column":8},"end":{"line":78,"column":null}},{"start":{"line":69,"column":15},"end":{"line":78,"column":null}}]},"4":{"loc":{"start":{"line":88,"column":8},"end":{"line":90,"column":null}},"type":"if","locations":[{"start":{"line":88,"column":8},"end":{"line":90,"column":null}}]},"5":{"loc":{"start":{"line":88,"column":13},"end":{"line":88,"column":74}},"type":"binary-expr","locations":[{"start":{"line":88,"column":13},"end":{"line":88,"column":48}},{"start":{"line":88,"column":52},"end":{"line":88,"column":74}}]},"6":{"loc":{"start":{"line":91,"column":8},"end":{"line":93,"column":null}},"type":"if","locations":[{"start":{"line":91,"column":8},"end":{"line":93,"column":null}}]},"7":{"loc":{"start":{"line":91,"column":13},"end":{"line":91,"column":113}},"type":"binary-expr","locations":[{"start":{"line":91,"column":13},"end":{"line":91,"column":30}},{"start":{"line":91,"column":34},"end":{"line":91,"column":69}},{"start":{"line":91,"column":73},"end":{"line":91,"column":113}}]},"8":{"loc":{"start":{"line":94,"column":8},"end":{"line":96,"column":null}},"type":"if","locations":[{"start":{"line":94,"column":8},"end":{"line":96,"column":null}}]},"9":{"loc":{"start":{"line":94,"column":13},"end":{"line":94,"column":120}},"type":"binary-expr","locations":[{"start":{"line":94,"column":13},"end":{"line":94,"column":37}},{"start":{"line":94,"column":41},"end":{"line":94,"column":65}},{"start":{"line":94,"column":69},"end":{"line":94,"column":92}},{"start":{"line":94,"column":96},"end":{"line":94,"column":120}}]},"10":{"loc":{"start":{"line":98,"column":8},"end":{"line":100,"column":null}},"type":"if","locations":[{"start":{"line":98,"column":8},"end":{"line":100,"column":null}}]},"11":{"loc":{"start":{"line":111,"column":8},"end":{"line":113,"column":null}},"type":"if","locations":[{"start":{"line":111,"column":8},"end":{"line":113,"column":null}}]}},"s":{"0":0,"1":0,"2":0,"3":0,"4":0,"5":0,"6":0,"7":0,"8":0,"9":0,"10":0,"11":0,"12":0,"13":0,"14":0,"15":0,"16":0,"17":0,"18":0,"19":0,"20":0,"21":0,"22":0,"23":0,"24":0,"25":0,"26":0,"27":0,"28":0,"29":0,"30":0,"31":0,"32":0,"33":0,"34":0,"35":0,"36":0,"37":0,"38":0,"39":0,"40":0},"f":{"0":0,"1":0,"2":0,"3":0,"4":0,"5":0},"b":{"0":[0],"1":[0],"2":[0],"3":[0,0],"4":[0],"5":[0,0],"6":[0],"7":[0,0,0],"8":[0],"9":[0,0,0,0],"10":[0],"11":[0]}}
}
