TN:
SF:src\domains\Artistas\services\ArtistaService.ts
FN:17,(anonymous_7)
FN:31,(anonymous_9)
FN:45,(anonymous_11)
FN:58,(anonymous_13)
FN:72,(anonymous_15)
FN:86,(anonymous_17)
FNF:6
FNH:6
FNDA:2,(anonymous_7)
FNDA:2,(anonymous_9)
FNDA:4,(anonymous_11)
FNDA:1,(anonymous_13)
FNDA:1,(anonymous_15)
FNDA:1,(anonymous_17)
DA:2,1
DA:3,1
DA:10,1
DA:18,2
DA:19,2
DA:20,1
DA:22,1
DA:32,2
DA:33,2
DA:34,1
DA:36,1
DA:46,4
DA:47,4
DA:48,1
DA:50,3
DA:59,1
DA:60,0
DA:62,1
DA:73,1
DA:74,1
DA:75,0
DA:77,1
DA:87,1
DA:88,1
DA:93,1
LF:25
LH:23
BRDA:19,0,0,1
BRDA:33,1,0,1
BRDA:47,2,0,1
BRDA:59,3,0,0
BRDA:59,4,0,1
BRDA:59,4,1,1
BRDA:59,4,2,1
BRDA:74,5,0,0
BRDA:74,6,0,1
BRDA:74,6,1,1
BRDA:74,6,2,1
BRF:11
BRH:9
end_of_record
TN:
SF:src\domains\Musicas\services\MusicaService.ts
FN:17,(anonymous_7)
FN:31,(anonymous_9)
FN:45,(anonymous_11)
FN:58,(anonymous_13)
FN:72,(anonymous_15)
FN:87,(anonymous_17)
FNF:6
FNH:6
FNDA:2,(anonymous_7)
FNDA:2,(anonymous_9)
FNDA:4,(anonymous_11)
FNDA:1,(anonymous_13)
FNDA:1,(anonymous_15)
FNDA:1,(anonymous_17)
DA:2,1
DA:3,1
DA:10,1
DA:18,2
DA:19,2
DA:20,1
DA:22,1
DA:32,2
DA:33,2
DA:34,1
DA:36,1
DA:46,4
DA:47,4
DA:48,1
DA:50,3
DA:59,1
DA:60,0
DA:62,1
DA:73,1
DA:74,1
DA:76,0
DA:78,1
DA:88,1
DA:89,1
DA:94,1
LF:25
LH:23
BRDA:19,0,0,1
BRDA:33,1,0,1
BRDA:47,2,0,1
BRDA:59,3,0,0
BRDA:59,4,0,1
BRDA:59,4,1,1
BRDA:59,4,2,1
BRDA:59,4,3,1
BRDA:74,5,0,0
BRDA:74,6,0,1
BRDA:74,6,1,1
BRDA:74,6,2,1
BRDA:74,6,3,1
BRF:13
BRH:11
end_of_record
TN:
SF:src\domains\UsuarioMusica\services\UsuarioMusicaService.ts
FN:21,(anonymous_7)
FN:36,(anonymous_9)
FN:62,(anonymous_11)
FN:87,(anonymous_13)
FN:99,(anonymous_15)
FNF:5
FNH:0
FNDA:0,(anonymous_7)
FNDA:0,(anonymous_9)
FNDA:0,(anonymous_11)
FNDA:0,(anonymous_13)
FNDA:0,(anonymous_15)
DA:1,0
DA:2,0
DA:3,0
DA:4,0
DA:5,0
DA:6,0
DA:13,0
DA:22,0
DA:23,0
DA:24,0
DA:26,0
DA:37,0
DA:52,0
DA:63,0
DA:78,0
DA:88,0
DA:89,0
DA:90,0
DA:100,0
DA:101,0
DA:102,0
DA:112,0
LF:22
LH:0
BRDA:23,0,0,0
BRF:1
BRH:0
end_of_record
TN:
SF:src\domains\Usuarios\services\UsuarioService.ts
FN:24,(anonymous_7)
FN:35,(anonymous_9)
FN:49,(anonymous_11)
FN:62,(anonymous_13)
FN:87,(anonymous_15)
FN:110,(anonymous_17)
FNF:6
FNH:0
FNDA:0,(anonymous_7)
FNDA:0,(anonymous_9)
FNDA:0,(anonymous_11)
FNDA:0,(anonymous_13)
FNDA:0,(anonymous_15)
FNDA:0,(anonymous_17)
DA:1,0
DA:3,0
DA:4,0
DA:5,0
DA:6,0
DA:7,0
DA:15,0
DA:25,0
DA:26,0
DA:27,0
DA:36,0
DA:37,0
DA:38,0
DA:40,0
DA:50,0
DA:51,0
DA:52,0
DA:54,0
DA:63,0
DA:64,0
DA:66,0
DA:67,0
DA:68,0
DA:70,0
DA:76,0
DA:77,0
DA:88,0
DA:89,0
DA:91,0
DA:92,0
DA:94,0
DA:95,0
DA:97,0
DA:98,0
DA:99,0
DA:101,0
DA:111,0
DA:112,0
DA:114,0
DA:115,0
DA:120,0
LF:41
LH:0
BRDA:37,0,0,0
BRDA:51,1,0,0
BRDA:63,2,0,0
BRDA:67,3,0,0
BRDA:67,3,1,0
BRDA:88,4,0,0
BRDA:88,5,0,0
BRDA:88,5,1,0
BRDA:91,6,0,0
BRDA:91,7,0,0
BRDA:91,7,1,0
BRDA:91,7,2,0
BRDA:94,8,0,0
BRDA:94,9,0,0
BRDA:94,9,1,0
BRDA:94,9,2,0
BRDA:94,9,3,0
BRDA:98,10,0,0
BRDA:111,11,0,0
BRF:19
BRH:0
end_of_record
